<?xml version="1.0" encoding="UTF-8"?>
<testsuite xmlns:xsi="http://www.w3.org/2001/XMLSchema-instance" xsi:noNamespaceSchemaLocation="https://maven.apache.org/surefire/maven-surefire-plugin/xsd/surefire-test-report-3.0.xsd" version="3.0" name="com.budapestgo.mbt.HSIMethodTest" time="2.154" tests="1" errors="0" skipped="0" failures="0">
  <properties>
[...]
</properties>
  <testcase name="runHSIMethodTest" classname="com.budapestgo.mbt.HSIMethodTest" time="0.084">
    <system-out><![CDATA[05:42:21.680 [main] INFO com.budapestgo.mbt.BaseModelTest - ╔════════════════════════════════════════════════════════╗
05:42:21.680 [main] INFO com.budapestgo.mbt.BaseModelTest - ║     HSI METHOD TEST - STARTED                          ║
05:42:21.680 [main] INFO com.budapestgo.mbt.BaseModelTest - ║     Algorithm: HSI (Optimized State Verification)     ║
05:42:21.680 [main] INFO com.budapestgo.mbt.BaseModelTest - ╚════════════════════════════════════════════════════════╝
05:42:21.695 [main] INFO com.budapestgo.system.BudapestGoSystem - BudapestGoSystem initialized in state: Idle
05:42:21.695 [main] INFO com.budapestgo.mbt.BaseModelTest - === Test Initialized ===
05:42:21.695 [main] INFO com.budapestgo.mbt.HSIMethodTest - Harmonized State Identifiers initialized
05:42:21.695 [main] INFO com.budapestgo.mbt.BaseModelTest - Starting HSI Method test execution...
05:42:21.695 [main] INFO com.budapestgo.mbt.BaseModelTest - This test provides optimized state verification
05:42:21.695 [main] INFO com.budapestgo.mbt.BaseModelTest - HSI Method test execution completed successfully
05:42:21.695 [main] INFO com.budapestgo.mbt.HSIMethodTest - Final State Coverage: {:.2f}%
05:42:21.695 [main] INFO com.budapestgo.mbt.HSIMethodTest - Final Transition Coverage: {:.2f}%
05:42:21.711 [main] INFO com.budapestgo.mbt.BaseModelTest - === Test Completed ===
05:42:21.711 [main] INFO com.budapestgo.mbt.BaseModelTest - Total vertices visited: 0
05:42:21.711 [main] INFO com.budapestgo.mbt.BaseModelTest - Total edges executed: 0
05:42:21.711 [main] INFO com.budapestgo.mbt.BaseModelTest - Total test cases: 0
05:42:21.711 [main] INFO com.budapestgo.mbt.HSIMethodTest - Coverage Statistics:
05:42:21.711 [main] INFO com.budapestgo.mbt.HSIMethodTest -   States covered: 0/9
05:42:21.711 [main] INFO com.budapestgo.mbt.HSIMethodTest -   Transitions covered: 0/13
05:42:21.711 [main] INFO com.budapestgo.mbt.HSIMethodTest -   Unique sequences: 0
05:42:21.711 [main] INFO com.budapestgo.mbt.HSIMethodTest - Transition Execution Count:
05:42:21.711 [main] INFO com.budapestgo.mbt.BaseModelTest - ╔════════════════════════════════════════════════════════╗
05:42:21.711 [main] INFO com.budapestgo.mbt.BaseModelTest - ║     HSI METHOD TEST - COMPLETED                        ║
05:42:21.722 [main] INFO com.budapestgo.mbt.BaseModelTest - ║     Vertices:   0                                      ║
05:42:21.722 [main] INFO com.budapestgo.mbt.BaseModelTest - ║     Edges:   0                                         ║
05:42:21.722 [main] INFO com.budapestgo.mbt.BaseModelTest - ║     Test Cases:   0                                    ║
05:42:21.722 [main] INFO com.budapestgo.mbt.BaseModelTest - ║     State Coverage: 0/9                              ║
05:42:21.722 [main] INFO com.budapestgo.mbt.BaseModelTest - ║     Transition Coverage: 0/13                        ║
05:42:21.722 [main] INFO com.budapestgo.mbt.BaseModelTest - ║     Duration: 16 ms                                    ║
05:42:21.722 [main] INFO com.budapestgo.mbt.BaseModelTest - ╚════════════════════════════════════════════════════════╝
]]></system-out>
  </testcase>
</testsuite>